2022-11-03 17:12:45 error [www]: GET /userNot Found
2022-11-03 17:14:39 error [www]: GET /userNot Found
2022-11-03 17:14:42 error [www]: GET /userNot Found
2022-11-03 17:14:52 error [www]: GET /zzzNot Found
2022-11-03 17:15:40 error [www]: GET /zzz undefined
2022-11-03 17:16:21 error [www]: GET /xxx undefined
2022-11-03 17:16:30 error [www]: GET /zaaaaa Not Found
2022-11-03 17:17:23 error [www]: GET /user Not Found
2022-11-03 17:18:21 error [www]: GET /user Not Found
2022-11-03 17:19:16 error [www]: GET /users Not Found
2022-11-03 17:19:38 error [www]: GET /users Not Found
2022-11-04 09:36:25 error [www]: GET /info Not Found
2022-11-04 11:15:23 error [www]: OPTIONS /deleteUser?id=2 Not Found
2022-11-04 11:17:04 error [www]: OPTIONS /deleteUser?id=2 Not Found
2022-11-04 11:26:54 error [www]: OPTIONS /deleteUser?id=2 Not Found
2022-11-04 13:04:07 error [www]: GET /info Not Found
2022-11-04 13:04:07 error [www]: GET /formula/0?page=1&size=20 Not Found
2022-11-04 14:00:14 error [www]: GET /info Not Found
2022-11-04 14:00:14 error [www]: GET /formula/0?page=1&size=20 Not Found
2022-11-04 15:20:36 error [www]: GET /info Not Found
2022-11-04 15:20:36 error [www]: GET /formula/0?page=1&size=20 Not Found
2022-11-04 15:21:30 error [www]: GET /info Not Found
2022-11-04 15:21:30 error [www]: GET /formula/0?page=1&size=20 Not Found
2022-11-04 15:21:42 error [www]: GET /info Not Found
2022-11-04 15:21:42 error [www]: GET /formula/0?page=1&size=20 Not Found
2022-11-04 15:21:43 error [www]: GET /formula/0?page=1&size=20 Not Found
2022-11-04 15:21:43 error [www]: GET /info Not Found
2022-11-04 15:22:05 error [www]: GET /info Not Found
2022-11-04 15:22:05 error [www]: GET /formula/0?page=1&size=20 Not Found
2022-11-04 15:48:03 error [www]: GET /formula/0?page=1&size=20 Not Found
2022-11-04 15:48:03 error [www]: GET /info Not Found
2022-11-04 15:48:25 error [www]: GET /info Not Found
2022-11-04 15:48:25 error [www]: GET /formula/0?page=1&size=20 Not Found
2022-11-04 15:52:05 error [www]: GET /info Not Found
2022-11-04 15:52:05 error [www]: GET /formula/0?page=1&size=20 Not Found
2022-11-04 15:52:08 error [www]: GET /info Not Found
2022-11-04 15:52:08 error [www]: GET /formula/0?page=1&size=20 Not Found
2022-11-07 16:22:44 error [www]: POST /register Unexpected token } in JSON at position 25
2022-11-08 14:25:38 error [www]: GET /deleteUser?id=4 Not Found
2022-11-08 14:27:02 error [www]: GET /deleteUser?id=4 Not Found
2022-11-08 14:33:25 error [www]: GET /deleteUser?id=4 Not Found
2022-11-08 15:02:22 error [www]: OPTIONS /deleteUser Not Found
